e:\xjyuan\003 zju\002 solar\004 codes\180911_solar\helioshadowblock\helioshadowblock\x64\debug\vc140.pdb
e:\xjyuan\003 zju\002 solar\004 codes\180911_solar\helioshadowblock\helioshadowblock\x64\debug\vc140.idb
e:\xjyuan\003 zju\002 solar\004 codes\180911_solar\helioshadowblock\helioshadowblock\x64\debug\graphadd.obj
e:\xjyuan\003 zju\002 solar\004 codes\180911_solar\helioshadowblock\helioshadowblock\x64\debug\graphmat++.obj
e:\xjyuan\003 zju\002 solar\004 codes\180911_solar\helioshadowblock\helioshadowblock\x64\debug\nclip.obj
e:\xjyuan\003 zju\002 solar\004 codes\180911_solar\helioshadowblock\helioshadowblock\x64\debug\poly.obj
e:\xjyuan\003 zju\002 solar\004 codes\180911_solar\helioshadowblock\helioshadowblock\x64\debug\poly_io.obj
e:\xjyuan\003 zju\002 solar\004 codes\180911_solar\helioshadowblock\helioshadowblock\x64\debug\posadder.obj
e:\xjyuan\003 zju\002 solar\004 codes\180911_solar\helioshadowblock\helioshadowblock\x64\debug\primitives.obj
e:\xjyuan\003 zju\002 solar\004 codes\180911_solar\helioshadowblock\helioshadowblock\x64\debug\templates.obj
e:\xjyuan\003 zju\002 solar\004 codes\180911_solar\helioshadowblock\helioshadowblock\x64\debug\fieldsegment.obj
e:\xjyuan\003 zju\002 solar\004 codes\180911_solar\helioshadowblock\helioshadowblock\x64\debug\heliostat.obj
e:\xjyuan\003 zju\002 solar\004 codes\180911_solar\helioshadowblock\helioshadowblock\x64\debug\layout.obj
e:\xjyuan\003 zju\002 solar\004 codes\180911_solar\helioshadowblock\helioshadowblock\x64\debug\receiver.obj
e:\xjyuan\003 zju\002 solar\004 codes\180911_solar\helioshadowblock\helioshadowblock\x64\debug\solarscene.obj
e:\xjyuan\003 zju\002 solar\004 codes\180911_solar\helioshadowblock\helioshadowblock\x64\debug\spa.obj
e:\xjyuan\003 zju\002 solar\004 codes\180911_solar\helioshadowblock\helioshadowblock\x64\debug\sunray.obj
e:\xjyuan\003 zju\002 solar\004 codes\180911_solar\helioshadowblock\helioshadowblock\x64\debug\fed.obj
e:\xjyuan\003 zju\002 solar\004 codes\180911_solar\helioshadowblock\helioshadowblock\x64\debug\gausslegendre.obj
e:\xjyuan\003 zju\002 solar\004 codes\180911_solar\helioshadowblock\helioshadowblock\x64\debug\lspia.obj
e:\xjyuan\003 zju\002 solar\004 codes\180911_solar\helioshadowblock\helioshadowblock\x64\debug\main.obj
e:\xjyuan\003 zju\002 solar\004 codes\180911_solar\helioshadowblock\helioshadowblock\x64\debug\sdbkcalculator.obj
e:\xjyuan\003 zju\002 solar\004 codes\180911_solar\helioshadowblock\helioshadowblock\x64\debug\clipper.obj
e:\xjyuan\003 zju\002 solar\004 codes\180911_solar\helioshadowblock\helioshadowblock\x64\debug\err.obj
e:\xjyuan\003 zju\002 solar\004 codes\180911_solar\helioshadowblock\helioshadowblock\x64\debug\graphmat.obj
e:\xjyuan\003 zju\002 solar\004 codes\180911_solar\helioshadowblock\x64\debug\helioshadowblock.ilk
e:\xjyuan\003 zju\002 solar\004 codes\180911_solar\helioshadowblock\x64\debug\helioshadowblock.exe
e:\xjyuan\003 zju\002 solar\004 codes\180911_solar\helioshadowblock\x64\debug\helioshadowblock.pdb
e:\xjyuan\003 zju\002 solar\004 codes\180911_solar\helioshadowblock\helioshadowblock\x64\debug\helioshadowblock.tlog\cl.command.1.tlog
e:\xjyuan\003 zju\002 solar\004 codes\180911_solar\helioshadowblock\helioshadowblock\x64\debug\helioshadowblock.tlog\cl.read.1.tlog
e:\xjyuan\003 zju\002 solar\004 codes\180911_solar\helioshadowblock\helioshadowblock\x64\debug\helioshadowblock.tlog\cl.write.1.tlog
e:\xjyuan\003 zju\002 solar\004 codes\180911_solar\helioshadowblock\helioshadowblock\x64\debug\helioshadowblock.tlog\link.command.1.tlog
e:\xjyuan\003 zju\002 solar\004 codes\180911_solar\helioshadowblock\helioshadowblock\x64\debug\helioshadowblock.tlog\link.read.1.tlog
e:\xjyuan\003 zju\002 solar\004 codes\180911_solar\helioshadowblock\helioshadowblock\x64\debug\helioshadowblock.tlog\link.write.1.tlog
