  sdbkCalculator.cpp
e:\xjyuan\003 zju\002 solar\004 codes\180911_solar\helioshadowblock\helioshadowblock\sdbkcalculator\sdbkcalculator.cpp(15): warning C4244: “初始化”: 从“Eigen::EigenBase<Derived>::Index”转换到“int”，可能丢失数据
          with
          [
              Derived=Eigen::Matrix<float,-1,-1,0,-1,-1>
          ]
e:\xjyuan\003 zju\002 solar\004 codes\180911_solar\helioshadowblock\helioshadowblock\sdbkcalculator\sdbkcalculator.cpp(16): warning C4244: “初始化”: 从“Eigen::EigenBase<Derived>::Index”转换到“int”，可能丢失数据
          with
          [
              Derived=Eigen::Matrix<float,-1,-1,0,-1,-1>
          ]
e:\xjyuan\003 zju\002 solar\004 codes\180911_solar\helioshadowblock\helioshadowblock\sdbkcalculator\sdbkcalculator.cpp(25): warning C4244: “初始化”: 从“float”转换到“int”，可能丢失数据
e:\xjyuan\003 zju\002 solar\004 codes\180911_solar\helioshadowblock\helioshadowblock\sdbkcalculator\sdbkcalculator.cpp(57): warning C4244: “参数”: 从“float”转换到“ClipperLib::cInt”，可能丢失数据
e:\xjyuan\003 zju\002 solar\004 codes\180911_solar\helioshadowblock\helioshadowblock\sdbkcalculator\sdbkcalculator.cpp(61): warning C4267: “初始化”: 从“size_t”转换到“int”，可能丢失数据
e:\xjyuan\003 zju\002 solar\004 codes\180911_solar\helioshadowblock\helioshadowblock\sdbkcalculator\sdbkcalculator.cpp(65): warning C4244: “=”: 从“double”转换到“float”，可能丢失数据
e:\xjyuan\003 zju\002 solar\004 codes\180911_solar\helioshadowblock\helioshadowblock\sdbkcalculator\sdbkcalculator.cpp(91): warning C4244: “参数”: 从“float”转换到“ClipperLib::cInt”，可能丢失数据
e:\xjyuan\003 zju\002 solar\004 codes\180911_solar\helioshadowblock\helioshadowblock\sdbkcalculator\sdbkcalculator.cpp(106): warning C4267: “初始化”: 从“size_t”转换到“int”，可能丢失数据
e:\xjyuan\003 zju\002 solar\004 codes\180911_solar\helioshadowblock\helioshadowblock\sdbkcalculator\sdbkcalculator.cpp(112): warning C4244: “=”: 从“double”转换到“float”，可能丢失数据
e:\xjyuan\003 zju\002 solar\004 codes\180911_solar\helioshadowblock\helioshadowblock\sdbkcalculator\sdbkcalculator.cpp(147): warning C4244: “参数”: 从“float”转换到“ClipperLib::cInt”，可能丢失数据
e:\xjyuan\003 zju\002 solar\004 codes\180911_solar\helioshadowblock\helioshadowblock\sdbkcalculator\sdbkcalculator.cpp(151): warning C4267: “初始化”: 从“size_t”转换到“int”，可能丢失数据
e:\xjyuan\003 zju\002 solar\004 codes\180911_solar\helioshadowblock\helioshadowblock\sdbkcalculator\sdbkcalculator.cpp(155): warning C4244: “=”: 从“double”转换到“float”，可能丢失数据
e:\xjyuan\003 zju\002 solar\004 codes\180911_solar\helioshadowblock\helioshadowblock\sdbkcalculator\sdbkcalculator.cpp(183): warning C4244: “参数”: 从“float”转换到“ClipperLib::cInt”，可能丢失数据
e:\xjyuan\003 zju\002 solar\004 codes\180911_solar\helioshadowblock\helioshadowblock\sdbkcalculator\sdbkcalculator.cpp(199): warning C4267: “初始化”: 从“size_t”转换到“int”，可能丢失数据
e:\xjyuan\003 zju\002 solar\004 codes\180911_solar\helioshadowblock\helioshadowblock\sdbkcalculator\sdbkcalculator.cpp(205): warning C4244: “=”: 从“double”转换到“float”，可能丢失数据
e:\xjyuan\003 zju\002 solar\004 codes\180911_solar\helioshadowblock\helioshadowblock\sdbkcalculator\sdbkcalculator.cpp(246): warning C4267: “初始化”: 从“size_t”转换到“int”，可能丢失数据
e:\xjyuan\003 zju\002 solar\004 codes\180911_solar\helioshadowblock\helioshadowblock\sdbkcalculator\sdbkcalculator.cpp(258): warning C4305: “初始化”: 从“int”到“float”截断
e:\xjyuan\003 zju\002 solar\004 codes\180911_solar\helioshadowblock\helioshadowblock\sdbkcalculator\sdbkcalculator.cpp(301): warning C4244: “=”: 从“float”转换到“int”，可能丢失数据
e:\xjyuan\003 zju\002 solar\004 codes\180911_solar\helioshadowblock\helioshadowblock\sdbkcalculator\sdbkcalculator.cpp(302): warning C4244: “=”: 从“float”转换到“int”，可能丢失数据
e:\xjyuan\003 zju\002 solar\004 codes\180911_solar\helioshadowblock\helioshadowblock\sdbkcalculator\sdbkcalculator.cpp(326): warning C4267: “初始化”: 从“size_t”转换到“int”，可能丢失数据
e:\xjyuan\003 zju\002 solar\004 codes\180911_solar\helioshadowblock\helioshadowblock\sdbkcalculator\sdbkcalculator.cpp(338): warning C4305: “初始化”: 从“int”到“float”截断
e:\xjyuan\003 zju\002 solar\004 codes\180911_solar\helioshadowblock\helioshadowblock\sdbkcalculator\sdbkcalculator.cpp(467): warning C4244: “初始化”: 从“float”转换到“int”，可能丢失数据
e:\xjyuan\003 zju\002 solar\004 codes\180911_solar\helioshadowblock\helioshadowblock\sdbkcalculator\sdbkcalculator.cpp(468): warning C4244: “初始化”: 从“float”转换到“int”，可能丢失数据
e:\xjyuan\003 zju\002 solar\004 codes\180911_solar\helioshadowblock\helioshadowblock\sdbkcalculator\sdbkcalculator.cpp(470): warning C4244: “初始化”: 从“float”转换到“int”，可能丢失数据
e:\xjyuan\003 zju\002 solar\004 codes\180911_solar\helioshadowblock\helioshadowblock\sdbkcalculator\sdbkcalculator.cpp(471): warning C4244: “初始化”: 从“float”转换到“int”，可能丢失数据
e:\xjyuan\003 zju\002 solar\004 codes\180911_solar\helioshadowblock\helioshadowblock\sdbkcalculator\sdbkcalculator.cpp(472): warning C4244: “初始化”: 从“double”转换到“int”，可能丢失数据
e:\xjyuan\003 zju\002 solar\004 codes\180911_solar\helioshadowblock\helioshadowblock\sdbkcalculator\sdbkcalculator.cpp(473): warning C4244: “初始化”: 从“double”转换到“int”，可能丢失数据
e:\xjyuan\003 zju\002 solar\004 codes\180911_solar\helioshadowblock\helioshadowblock\sdbkcalculator\sdbkcalculator.cpp(576): warning C4267: “初始化”: 从“size_t”转换到“int”，可能丢失数据
e:\xjyuan\003 zju\002 solar\004 codes\180911_solar\helioshadowblock\helioshadowblock\sdbkcalculator\sdbkcalculator.cpp(577): warning C4267: “初始化”: 从“size_t”转换到“int”，可能丢失数据
e:\xjyuan\003 zju\002 solar\004 codes\180911_solar\helioshadowblock\helioshadowblock\sdbkcalculator\sdbkcalculator.cpp(648): warning C4244: “初始化”: 从“float”转换到“int”，可能丢失数据
e:\xjyuan\003 zju\002 solar\004 codes\180911_solar\helioshadowblock\helioshadowblock\sdbkcalculator\sdbkcalculator.cpp(649): warning C4244: “初始化”: 从“float”转换到“int”，可能丢失数据
e:\xjyuan\003 zju\002 solar\004 codes\180911_solar\helioshadowblock\helioshadowblock\sdbkcalculator\sdbkcalculator.cpp(694): warning C4244: “初始化”: 从“Eigen::EigenBase<Derived>::Index”转换到“int”，可能丢失数据
          with
          [
              Derived=Eigen::Matrix<float,-1,-1,0,-1,-1>
          ]
e:\xjyuan\003 zju\002 solar\004 codes\180911_solar\helioshadowblock\helioshadowblock\sdbkcalculator\sdbkcalculator.cpp(695): warning C4244: “初始化”: 从“Eigen::EigenBase<Derived>::Index”转换到“int”，可能丢失数据
          with
          [
              Derived=Eigen::Matrix<float,-1,-1,0,-1,-1>
          ]
e:\xjyuan\003 zju\002 solar\004 codes\180911_solar\helioshadowblock\helioshadowblock\sdbkcalculator\sdbkcalculator.cpp(750): warning C4244: “=”: 从“unsigned int”转换到“float”，可能丢失数据
  main.cpp
e:\xjyuan\003 zju\002 solar\004 codes\180911_solar\helioshadowblock\helioshadowblock\main.cpp(91): warning C4305: “初始化”: 从“double”到“float”截断
  LSPIA.cpp
e:\xjyuan\003 zju\002 solar\004 codes\180911_solar\helioshadowblock\helioshadowblock\lspia\lspia.cpp(18): warning C4244: “初始化”: 从“Eigen::EigenBase<Derived>::Index”转换到“int”，可能丢失数据
          with
          [
              Derived=Eigen::Matrix<float,-1,-1,0,-1,-1>
          ]
e:\xjyuan\003 zju\002 solar\004 codes\180911_solar\helioshadowblock\helioshadowblock\lspia\lspia.cpp(19): warning C4244: “初始化”: 从“Eigen::EigenBase<Derived>::Index”转换到“int”，可能丢失数据
          with
          [
              Derived=Eigen::Matrix<float,-1,-1,0,-1,-1>
          ]
e:\xjyuan\003 zju\002 solar\004 codes\180911_solar\helioshadowblock\helioshadowblock\lspia\lspia.cpp(60): warning C4244: “初始化”: 从“Eigen::EigenBase<Derived>::Index”转换到“int”，可能丢失数据
          with
          [
              Derived=Eigen::Matrix<float,-1,-1,0,-1,-1>
          ]
e:\xjyuan\003 zju\002 solar\004 codes\180911_solar\helioshadowblock\helioshadowblock\lspia\lspia.cpp(61): warning C4244: “初始化”: 从“Eigen::EigenBase<Derived>::Index”转换到“int”，可能丢失数据
          with
          [
              Derived=Eigen::Matrix<float,-1,-1,0,-1,-1>
          ]
e:\xjyuan\003 zju\002 solar\004 codes\180911_solar\helioshadowblock\helioshadowblock\lspia\lspia.cpp(93): warning C4244: “初始化”: 从“float”转换到“int”，可能丢失数据
e:\xjyuan\003 zju\002 solar\004 codes\180911_solar\helioshadowblock\helioshadowblock\lspia\lspia.cpp(95): warning C4244: “初始化”: 从“float”转换到“int”，可能丢失数据
e:\xjyuan\003 zju\002 solar\004 codes\180911_solar\helioshadowblock\helioshadowblock\lspia\lspia.cpp(105): warning C4244: “初始化”: 从“float”转换到“int”，可能丢失数据
e:\xjyuan\003 zju\002 solar\004 codes\180911_solar\helioshadowblock\helioshadowblock\lspia\lspia.cpp(123): warning C4305: “参数”: 从“double”到“const float”截断
e:\xjyuan\003 zju\002 solar\004 codes\180911_solar\helioshadowblock\helioshadowblock\lspia\lspia.cpp(175): warning C4244: “初始化”: 从“double”转换到“float”，可能丢失数据
  正在生成代码...
e:\xjyuan\003 zju\002 solar\004 codes\180911_solar\helioshadowblock\helioshadowblock\lspia\lspia.cpp(180): warning C4172: 返回局部变量或临时变量的地址: knot
e:\xjyuan\003 zju\002 solar\004 codes\180911_solar\helioshadowblock\helioshadowblock\lspia\lspia.cpp(140): warning C4172: 返回局部变量或临时变量的地址: calc
  正在编译...
  FED.cpp
e:\xjyuan\003 zju\002 solar\004 codes\180911_solar\helioshadowblock\helioshadowblock\fed\fed.cpp(28): warning C4244: “初始化”: 从“double”转换到“float”，可能丢失数据
e:\xjyuan\003 zju\002 solar\004 codes\180911_solar\helioshadowblock\helioshadowblock\fed\fed.cpp(44): warning C4244: “=”: 从“double”转换到“float”，可能丢失数据
e:\xjyuan\003 zju\002 solar\004 codes\180911_solar\helioshadowblock\helioshadowblock\fed\fed.cpp(46): warning C4244: “=”: 从“double”转换到“float”，可能丢失数据
e:\xjyuan\003 zju\002 solar\004 codes\180911_solar\helioshadowblock\helioshadowblock\fed\fed.cpp(53): warning C4244: “return”: 从“double”转换到“float”，可能丢失数据
  SunRay.cpp
e:\xjyuan\003 zju\002 solar\004 codes\180911_solar\helioshadowblock\helioshadowblock\datastructure\sunray.cpp(64): warning C4244: “=”: 从“double”转换到“float”，可能丢失数据
e:\xjyuan\003 zju\002 solar\004 codes\180911_solar\helioshadowblock\helioshadowblock\datastructure\sunray.cpp(65): warning C4244: “=”: 从“double”转换到“float”，可能丢失数据
e:\xjyuan\003 zju\002 solar\004 codes\180911_solar\helioshadowblock\helioshadowblock\datastructure\sunray.cpp(66): warning C4244: “=”: 从“double”转换到“float”，可能丢失数据
e:\xjyuan\003 zju\002 solar\004 codes\180911_solar\helioshadowblock\helioshadowblock\datastructure\sunray.cpp(71): warning C4244: “初始化”: 从“double”转换到“float”，可能丢失数据
e:\xjyuan\003 zju\002 solar\004 codes\180911_solar\helioshadowblock\helioshadowblock\datastructure\sunray.cpp(72): warning C4244: “初始化”: 从“double”转换到“float”，可能丢失数据
e:\xjyuan\003 zju\002 solar\004 codes\180911_solar\helioshadowblock\helioshadowblock\datastructure\sunray.cpp(85): warning C4244: “=”: 从“double”转换到“float”，可能丢失数据
e:\xjyuan\003 zju\002 solar\004 codes\180911_solar\helioshadowblock\helioshadowblock\datastructure\sunray.cpp(86): warning C4244: “=”: 从“double”转换到“float”，可能丢失数据
e:\xjyuan\003 zju\002 solar\004 codes\180911_solar\helioshadowblock\helioshadowblock\datastructure\sunray.cpp(94): warning C4244: “=”: 从“double”转换到“float”，可能丢失数据
e:\xjyuan\003 zju\002 solar\004 codes\180911_solar\helioshadowblock\helioshadowblock\datastructure\sunray.cpp(95): warning C4244: “=”: 从“double”转换到“float”，可能丢失数据
e:\xjyuan\003 zju\002 solar\004 codes\180911_solar\helioshadowblock\helioshadowblock\datastructure\sunray.cpp(96): warning C4244: “=”: 从“double”转换到“float”，可能丢失数据
e:\xjyuan\003 zju\002 solar\004 codes\180911_solar\helioshadowblock\helioshadowblock\datastructure\sunray.cpp(108): warning C4244: “初始化”: 从“double”转换到“float”，可能丢失数据
e:\xjyuan\003 zju\002 solar\004 codes\180911_solar\helioshadowblock\helioshadowblock\datastructure\sunray.cpp(109): warning C4244: “初始化”: 从“double”转换到“float”，可能丢失数据
  SolarScene.cpp
e:\xjyuan\003 zju\002 solar\004 codes\180911_solar\helioshadowblock\helioshadowblock\datastructure\solarscene.cpp(111): warning C4267: “=”: 从“size_t”转换到“unsigned int”，可能丢失数据
  Receiver.cpp
  Layout.cpp
e:\xjyuan\003 zju\002 solar\004 codes\180911_solar\helioshadowblock\helioshadowblock\datastructure\layout.cpp(10): warning C4244: “=”: 从“float”转换到“int”，可能丢失数据
e:\xjyuan\003 zju\002 solar\004 codes\180911_solar\helioshadowblock\helioshadowblock\datastructure\layout.cpp(11): warning C4244: “=”: 从“float”转换到“int”，可能丢失数据
e:\xjyuan\003 zju\002 solar\004 codes\180911_solar\helioshadowblock\helioshadowblock\datastructure\layout.cpp(18): warning C4244: “=”: 从“float”转换到“int”，可能丢失数据
e:\xjyuan\003 zju\002 solar\004 codes\180911_solar\helioshadowblock\helioshadowblock\datastructure\layout.cpp(19): warning C4244: “=”: 从“float”转换到“int”，可能丢失数据
  Heliostat.cpp
  正在生成代码...
  HelioShadowBlock.vcxproj -> E:\xjYuan\003 ZJU\002 Solar\004 Codes\180911_Solar\HelioShadowBlock\x64\Debug\HelioShadowBlock.exe
  HelioShadowBlock.vcxproj -> E:\xjYuan\003 ZJU\002 Solar\004 Codes\180911_Solar\HelioShadowBlock\x64\Debug\HelioShadowBlock.pdb (Partial PDB)
