e:\xjyuan\003 zju\002 solar\004 codes\180911_solar\helioshadowblock\helioshadowblock\x64\release\vc140.pdb
e:\xjyuan\003 zju\002 solar\004 codes\180911_solar\helioshadowblock\helioshadowblock\x64\release\graphadd.obj
e:\xjyuan\003 zju\002 solar\004 codes\180911_solar\helioshadowblock\helioshadowblock\x64\release\graphmat++.obj
e:\xjyuan\003 zju\002 solar\004 codes\180911_solar\helioshadowblock\helioshadowblock\x64\release\nclip.obj
e:\xjyuan\003 zju\002 solar\004 codes\180911_solar\helioshadowblock\helioshadowblock\x64\release\poly.obj
e:\xjyuan\003 zju\002 solar\004 codes\180911_solar\helioshadowblock\helioshadowblock\x64\release\poly_io.obj
e:\xjyuan\003 zju\002 solar\004 codes\180911_solar\helioshadowblock\helioshadowblock\x64\release\posadder.obj
e:\xjyuan\003 zju\002 solar\004 codes\180911_solar\helioshadowblock\helioshadowblock\x64\release\primitives.obj
e:\xjyuan\003 zju\002 solar\004 codes\180911_solar\helioshadowblock\helioshadowblock\x64\release\templates.obj
e:\xjyuan\003 zju\002 solar\004 codes\180911_solar\helioshadowblock\helioshadowblock\x64\release\heliostat.obj
e:\xjyuan\003 zju\002 solar\004 codes\180911_solar\helioshadowblock\helioshadowblock\x64\release\layout.obj
e:\xjyuan\003 zju\002 solar\004 codes\180911_solar\helioshadowblock\helioshadowblock\x64\release\receiver.obj
e:\xjyuan\003 zju\002 solar\004 codes\180911_solar\helioshadowblock\helioshadowblock\x64\release\solarscene.obj
e:\xjyuan\003 zju\002 solar\004 codes\180911_solar\helioshadowblock\helioshadowblock\x64\release\spa.obj
e:\xjyuan\003 zju\002 solar\004 codes\180911_solar\helioshadowblock\helioshadowblock\x64\release\sunray.obj
e:\xjyuan\003 zju\002 solar\004 codes\180911_solar\helioshadowblock\helioshadowblock\x64\release\fed.obj
e:\xjyuan\003 zju\002 solar\004 codes\180911_solar\helioshadowblock\helioshadowblock\x64\release\lspia.obj
e:\xjyuan\003 zju\002 solar\004 codes\180911_solar\helioshadowblock\helioshadowblock\x64\release\main.obj
e:\xjyuan\003 zju\002 solar\004 codes\180911_solar\helioshadowblock\helioshadowblock\x64\release\sdbkcalculator.obj
e:\xjyuan\003 zju\002 solar\004 codes\180911_solar\helioshadowblock\helioshadowblock\x64\release\clipper.obj
e:\xjyuan\003 zju\002 solar\004 codes\180911_solar\helioshadowblock\helioshadowblock\x64\release\graphmat.obj
e:\xjyuan\003 zju\002 solar\004 codes\180911_solar\helioshadowblock\helioshadowblock\x64\release\err.obj
e:\xjyuan\003 zju\002 solar\004 codes\180911_solar\helioshadowblock\x64\release\helioshadowblock.exe
e:\xjyuan\003 zju\002 solar\004 codes\180911_solar\helioshadowblock\x64\release\helioshadowblock.ipdb
e:\xjyuan\003 zju\002 solar\004 codes\180911_solar\helioshadowblock\x64\release\helioshadowblock.iobj
e:\xjyuan\003 zju\002 solar\004 codes\180911_solar\helioshadowblock\x64\release\helioshadowblock.pdb
e:\xjyuan\003 zju\002 solar\004 codes\180911_solar\helioshadowblock\helioshadowblock\x64\release\helioshadowblock.tlog\cl.command.1.tlog
e:\xjyuan\003 zju\002 solar\004 codes\180911_solar\helioshadowblock\helioshadowblock\x64\release\helioshadowblock.tlog\cl.read.1.tlog
e:\xjyuan\003 zju\002 solar\004 codes\180911_solar\helioshadowblock\helioshadowblock\x64\release\helioshadowblock.tlog\cl.write.1.tlog
e:\xjyuan\003 zju\002 solar\004 codes\180911_solar\helioshadowblock\helioshadowblock\x64\release\helioshadowblock.tlog\link.command.1.tlog
e:\xjyuan\003 zju\002 solar\004 codes\180911_solar\helioshadowblock\helioshadowblock\x64\release\helioshadowblock.tlog\link.read.1.tlog
e:\xjyuan\003 zju\002 solar\004 codes\180911_solar\helioshadowblock\helioshadowblock\x64\release\helioshadowblock.tlog\link.write.1.tlog
